<?xml version="1.0" encoding="UTF-8"?>
<!-- Generated by org.testng.reporters.JUnitReportReporter -->
<testsuite hostname="OCT-JULIEN" failures="0" tests="2" name="demo.orangehrmlive.tests.CheckoutTest" time="9.949" errors="0" timestamp="2022-08-30T14:21:27 WAT" skipped="0">
  <testcase classname="demo.orangehrmlive.tests.CheckoutTest" name="continueshoppingBtn" time="5.193"/>
  <system-out/>
  <testcase classname="demo.orangehrmlive.tests.CheckoutTest" name="checkout" time="4.756"/>
  <system-out/>
</testsuite> <!-- demo.orangehrmlive.tests.CheckoutTest -->
