<?xml version="1.0" encoding="UTF-8"?>
<!-- Generated by org.testng.reporters.JUnitReportReporter -->
<testsuite hostname="OCT-JULIEN" failures="0" tests="2" name="demo.orangehrmlive.tests.Logintest" time="9.433" errors="0" timestamp="2022-08-30T14:20:28 WAT" skipped="0">
  <testcase classname="demo.orangehrmlive.tests.Logintest" name="testvalidateLogin" time="5.541"/>
  <system-out/>
  <testcase classname="demo.orangehrmlive.tests.Logintest" name="testValidateLogo" time="3.892"/>
  <system-out/>
</testsuite> <!-- demo.orangehrmlive.tests.Logintest -->
